<?xml version="1.0" encoding="UTF-8"?>
<!-- Generated by org.testng.reporters.JUnitXMLReporter -->
<testsuite hostname="VPCOG1651" ignored="0" name="Default test" tests="3" failures="0" timestamp="27 Jul 2021 11:27:03 GMT" time="5.492" errors="0">
  <testcase name="LaunchIELTSi" time="4.046" classname="CIIAutomation.CIIAutomation.TestAPIIESLTSi"/>
  <testcase name="SaveResponse" time="1.103" classname="CIIAutomation.CIIAutomation.TestAPIIESLTSi"/>
  <testcase name="TestResponse" time="0.294" classname="CIIAutomation.CIIAutomation.TestAPIIESLTSi"/>
</testsuite> <!-- Default test -->
