<?xml version="1.0" encoding="UTF-8"?>
<!-- Generated by org.testng.reporters.JUnitXMLReporter -->
<testsuite hostname="VPCOG1651" ignored="3" name="GetElibilityGroup" tests="3" failures="0" timestamp="27 Jul 2021 12:13:24 GMT" time="5.823" errors="0">
  <testcase name="ProductAPI" time="3.991" classname="automationCII.TC_001_ProductAPI"/>
  <testcase name="PublishedTest" time="0.334" classname="automationCII.TC_002_ContentAPI"/>
  <testcase name="LaunchIELTSi" time="1.372" classname="automationCII.TC_003_TestAPI"/>
  <testcase name="TestResponse" time="0.0" classname="automationCII.TC_003_TestAPI">
    <ignored/>
  </testcase> <!-- TestResponse -->
  <testcase name="SaveResponse" time="0.0" classname="automationCII.TC_003_TestAPI">
    <ignored/>
  </testcase> <!-- SaveResponse -->
  <testcase name="QTIManifest" time="0.0" classname="automationCII.TC_002_ContentAPI">
    <ignored/>
  </testcase> <!-- QTIManifest -->
</testsuite> <!-- GetElibilityGroup -->
