<?xml version="1.0" encoding="UTF-8"?>
<!-- Generated by org.testng.reporters.JUnitXMLReporter -->
<testsuite hostname="VPCOG1651" ignored="3" name="GetElibilityGroup" tests="3" failures="1" timestamp="02 Aug 2021 06:13:43 GMT" time="22.86" errors="0">
  <testcase name="ProductAPI" time="9.281" classname="automationCII.TC_001_ProductAPI"/>
  <testcase name="PublishedTest" time="0.91" classname="automationCII.TC_002_ContentAPI">
    <failure type="java.lang.AssertionError" message="expected [200] but found [503]">
      <![CDATA[java.lang.AssertionError: expected [200] but found [503]
at automationCII.TC_002_ContentAPI.PublishedTest(TC_002_ContentAPI.java:48)
... Removed 35 stack frames]]>
    </failure>
  </testcase> <!-- PublishedTest -->
  <testcase name="LaunchIELTSi" time="12.464" classname="automationCII.TC_003_TestAPI"/>
  <testcase name="TestResponse" time="0.0" classname="automationCII.TC_003_TestAPI">
    <ignored/>
  </testcase> <!-- TestResponse -->
  <testcase name="SaveResponse" time="0.0" classname="automationCII.TC_003_TestAPI">
    <ignored/>
  </testcase> <!-- SaveResponse -->
  <testcase name="QTIManifest" time="0.0" classname="automationCII.TC_002_ContentAPI">
    <ignored/>
  </testcase> <!-- QTIManifest -->
</testsuite> <!-- GetElibilityGroup -->
